                              1 ;--------------------------------------------------------
                              2 ; File Created by SDCC : free open source ANSI-C Compiler
                              3 ; Version 2.8.0 #5117 (Mar 23 2008) (MINGW32)
                              4 ; This file was generated Sun Mar 20 16:15:55 2016
                              5 ;--------------------------------------------------------
                              6 	.module main
                              7 	.optsdcc -mz80
                              8 	
                              9 ;--------------------------------------------------------
                             10 ; Public variables in this module
                             11 ;--------------------------------------------------------
                             12 	.globl _main
                             13 ;--------------------------------------------------------
                             14 ; special function registers
                             15 ;--------------------------------------------------------
                             16 ;--------------------------------------------------------
                             17 ;  ram data
                             18 ;--------------------------------------------------------
                             19 	.area _DATA
                             20 ;--------------------------------------------------------
                             21 ; overlayable items in  ram 
                             22 ;--------------------------------------------------------
                             23 	.area _OVERLAY
                             24 ;--------------------------------------------------------
                             25 ; external initialized ram data
                             26 ;--------------------------------------------------------
                             27 ;--------------------------------------------------------
                             28 ; global & static initialisations
                             29 ;--------------------------------------------------------
                             30 	.area _HOME
                             31 	.area _GSINIT
                             32 	.area _GSFINAL
                             33 	.area _GSINIT
                             34 ;--------------------------------------------------------
                             35 ; Home
                             36 ;--------------------------------------------------------
                             37 	.area _HOME
                             38 	.area _HOME
                             39 ;--------------------------------------------------------
                             40 ; code
                             41 ;--------------------------------------------------------
                             42 	.area _CODE
                             43 ;main.c:3: void main()
                             44 ;	genLabel
                             45 ;	genFunction
                             46 ;	---------------------------------
                             47 ; Function main
                             48 ; ---------------------------------
   0000                      49 _main_start::
   0000                      50 _main:
                             51 ;main.c:9: __endasm;
                             52 ;	genInline
                             53 	
   0000 01 00 00             54 		   ld bc, #0x0000
   0003 C5                   55 		   push bc
   0004 C3 2D 3D             56 		   jp 0x3d2d;
                             57 ;	genLabel
                             58 ;	genEndFunction
   0007 C9                   59 	ret
   0008                      60 _main_end::
                             61 	.area _CODE
                             62 	.area _CABS
